gradleBuild/outputs/logs/manifest-merger-debug-report.txt
-- Merging decision tree log ---
manifest
ADDED from android\tfmobile\AndroidManifest.xml:16:1-91:12
MERGED from [org.tensorflow:tensorflow-android:1.10.0-rc1] AndroidManifest.xml:2:1-8:12
MERGED from [com.android.support.constraint:constraint-layout:2.0.0-alpha1] AndroidManifest.xml:2:1-11:12
MERGED from [com.android.support:appcompat-v7:27.0.2] AndroidManifest.xml:17:1-22:12
MERGED from [com.android.support:recyclerview-v7:27.0.2] AndroidManifest.xml:17:1-22:12
MERGED from [com.android.support:support-fragment:27.0.2] AndroidManifest.xml:17:1-22:12
MERGED from [com.android.support:support-core-utils:27.0.2] AndroidManifest.xml:17:1-22:12
MERGED from [com.android.support:animated-vector-drawable:27.0.2] AndroidManifest.xml:17:1-22:12
MERGED from [com.android.support:support-vector-drawable:27.0.2] AndroidManifest.xml:17:1-22:12
MERGED from [com.android.support:support-core-ui:27.0.2] AndroidManifest.xml:17:1-22:12
MERGED from [com.android.support:support-compat:27.0.2] AndroidManifest.xml:17:1-22:12
MERGED from [android.arch.lifecycle:runtime:1.0.3] AndroidManifest.xml:17:1-24:12
	package
		ADDED from android\tfmobile\AndroidManifest.xml:17:5-34
	xmlns:android
		ADDED from android\tfmobile\AndroidManifest.xml:16:11-69
uses-permission#android.permission.CAMERA
ADDED from android\tfmobile\AndroidManifest.xml:19:5-65
	android:name
		ADDED from android\tfmobile\AndroidManifest.xml:19:22-62
uses-feature#android.hardware.camera
ADDED from android\tfmobile\AndroidManifest.xml:21:5-60
	android:name
		ADDED from android\tfmobile\AndroidManifest.xml:21:19-57
uses-feature#android.hardware.camera.autofocus
ADDED from android\tfmobile\AndroidManifest.xml:22:5-70
	android:name
		ADDED from android\tfmobile\AndroidManifest.xml:22:19-67
uses-permission#android.permission.WRITE_EXTERNAL_STORAGE
ADDED from android\tfmobile\AndroidManifest.xml:24:5-81
	android:name
		ADDED from android\tfmobile\AndroidManifest.xml:24:22-78
uses-permission#android.permission.READ_PHONE_STATE
ADDED from android\tfmobile\AndroidManifest.xml:25:5-75
	android:name
		ADDED from android\tfmobile\AndroidManifest.xml:25:22-72
uses-permission#android.permission.READ_EXTERNAL_STORAGE
ADDED from android\tfmobile\AndroidManifest.xml:26:5-80
	android:name
		ADDED from android\tfmobile\AndroidManifest.xml:26:22-77
application
ADDED from android\tfmobile\AndroidManifest.xml:28:5-89:19
MERGED from [org.tensorflow:tensorflow-android:1.10.0-rc1] AndroidManifest.xml:5:5-6:19
MERGED from [org.tensorflow:tensorflow-android:1.10.0-rc1] AndroidManifest.xml:5:5-6:19
MERGED from [com.android.support.constraint:constraint-layout:2.0.0-alpha1] AndroidManifest.xml:9:5-20
MERGED from [com.android.support.constraint:constraint-layout:2.0.0-alpha1] AndroidManifest.xml:9:5-20
	android:label
		ADDED from android\tfmobile\AndroidManifest.xml:32:9-41
	android:debuggable
		ADDED from android\tfmobile\AndroidManifest.xml:30:9-34
	android:icon
		ADDED from android\tfmobile\AndroidManifest.xml:31:9-38
	android:allowBackup
		ADDED from android\tfmobile\AndroidManifest.xml:29:9-35
	android:theme
		ADDED from android\tfmobile\AndroidManifest.xml:33:9-45
activity#org.tensorflow.demo.ClassifierActivity
ADDED from android\tfmobile\AndroidManifest.xml:34:9-43:20
	android:screenOrientation
		ADDED from android\tfmobile\AndroidManifest.xml:37:13-49
	android:label
		ADDED from android\tfmobile\AndroidManifest.xml:36:13-46
	android:name
		ADDED from android\tfmobile\AndroidManifest.xml:35:13-47
intent-filter#action:name:android.intent.action.MAIN+category:name:android.intent.category.DEFAULT
ADDED from android\tfmobile\AndroidManifest.xml:38:13-42:29
action#android.intent.action.MAIN
ADDED from android\tfmobile\AndroidManifest.xml:39:17-69
	android:name
		ADDED from android\tfmobile\AndroidManifest.xml:39:25-66
category#android.intent.category.DEFAULT
ADDED from android\tfmobile\AndroidManifest.xml:41:17-76
	android:name
		ADDED from android\tfmobile\AndroidManifest.xml:41:27-73
activity#org.tensorflow.demo.SplashActivity
ADDED from android\tfmobile\AndroidManifest.xml:44:9-52:20
	android:theme
		ADDED from android\tfmobile\AndroidManifest.xml:46:13-63
	android:name
		ADDED from android\tfmobile\AndroidManifest.xml:45:13-43
intent-filter#action:name:android.intent.action.MAIN+category:name:android.intent.category.LAUNCHER
ADDED from android\tfmobile\AndroidManifest.xml:47:13-51:29
category#android.intent.category.LAUNCHER
ADDED from android\tfmobile\AndroidManifest.xml:50:17-77
	android:name
		ADDED from android\tfmobile\AndroidManifest.xml:50:27-74
activity#org.tensorflow.demo.InputActivity
ADDED from android\tfmobile\AndroidManifest.xml:53:9-61:20
	android:theme
		ADDED from android\tfmobile\AndroidManifest.xml:55:13-63
	android:name
		ADDED from android\tfmobile\AndroidManifest.xml:54:13-42
activity#org.tensorflow.demo.HelpActivity
ADDED from android\tfmobile\AndroidManifest.xml:62:9-70:20
	android:theme
		ADDED from android\tfmobile\AndroidManifest.xml:64:13-63
	android:name
		ADDED from android\tfmobile\AndroidManifest.xml:63:13-41
activity#org.tensorflow.demo.ResultActivity
ADDED from android\tfmobile\AndroidManifest.xml:71:9-79:20
	android:theme
		ADDED from android\tfmobile\AndroidManifest.xml:73:13-63
	android:name
		ADDED from android\tfmobile\AndroidManifest.xml:72:13-43
activity#org.tensorflow.demo.SolutionActivity
ADDED from android\tfmobile\AndroidManifest.xml:80:9-88:20
	android:theme
		ADDED from android\tfmobile\AndroidManifest.xml:82:13-63
	android:name
		ADDED from android\tfmobile\AndroidManifest.xml:81:13-45
uses-sdk
INJECTED from android\tfmobile\AndroidManifest.xml reason: use-sdk injection requested
INJECTED from android\tfmobile\AndroidManifest.xml
INJECTED from android\tfmobile\AndroidManifest.xml
MERGED from [com.android.support.constraint:constraint-layout:2.0.0-alpha1] AndroidManifest.xml:5:5-7:41
MERGED from [com.android.support.constraint:constraint-layout:2.0.0-alpha1] AndroidManifest.xml:5:5-7:41
MERGED from [com.android.support:appcompat-v7:27.0.2] AndroidManifest.xml:20:5-44
MERGED from [com.android.support:appcompat-v7:27.0.2] AndroidManifest.xml:20:5-44
MERGED from [com.android.support:recyclerview-v7:27.0.2] AndroidManifest.xml:20:5-44
MERGED from [com.android.support:recyclerview-v7:27.0.2] AndroidManifest.xml:20:5-44
MERGED from [com.android.support:support-fragment:27.0.2] AndroidManifest.xml:20:5-44
MERGED from [com.android.support:support-fragment:27.0.2] AndroidManifest.xml:20:5-44
MERGED from [com.android.support:support-core-utils:27.0.2] AndroidManifest.xml:20:5-44
MERGED from [com.android.support:support-core-utils:27.0.2] AndroidManifest.xml:20:5-44
MERGED from [com.android.support:animated-vector-drawable:27.0.2] AndroidManifest.xml:20:5-44
MERGED from [com.android.support:animated-vector-drawable:27.0.2] AndroidManifest.xml:20:5-44
MERGED from [com.android.support:support-vector-drawable:27.0.2] AndroidManifest.xml:20:5-44
MERGED from [com.android.support:support-vector-drawable:27.0.2] AndroidManifest.xml:20:5-44
MERGED from [com.android.support:support-core-ui:27.0.2] AndroidManifest.xml:20:5-44
MERGED from [com.android.support:support-core-ui:27.0.2] AndroidManifest.xml:20:5-44
MERGED from [com.android.support:support-compat:27.0.2] AndroidManifest.xml:20:5-44
MERGED from [com.android.support:support-compat:27.0.2] AndroidManifest.xml:20:5-44
MERGED from [android.arch.lifecycle:runtime:1.0.3] AndroidManifest.xml:20:5-22:41
MERGED from [android.arch.lifecycle:runtime:1.0.3] AndroidManifest.xml:20:5-22:41
INJECTED from android\tfmobile\AndroidManifest.xml
INJECTED from android\tfmobile\AndroidManifest.xml
	android:targetSdkVersion
		INJECTED from android\tfmobile\AndroidManifest.xml
		ADDED from android\tfmobile\AndroidManifest.xml
		INJECTED from android\tfmobile\AndroidManifest.xml
	android:minSdkVersion
		INJECTED from android\tfmobile\AndroidManifest.xml
		ADDED from android\tfmobile\AndroidManifest.xml
		INJECTED from android\tfmobile\AndroidManifest.xml